
--------------------------------------------------
TXLib предупреждает:

Программа: C:\Users\admin\Desktop\C programs\RLE\out.exe,

ВНЕЗАПНО: Нарушение доступа к памяти.

#1: Исключение EXCEPTION_ACCESS_VIOLATION (0xC0000005) при выполнении кода по адресу 0x004A59F6. Попытка прочесть данные по адресу 0x0000000C в модуле C:\Users\admin\Desktop\C programs\RLE\out.exe. Спасибо _txVectoredExceptionHandler(), что сообщил. Люблю его <3

#1: TXLib [Ver: 00173a, Rev: 173, Date: 2024-06-23 22:37:05 +0400], Instance: 0x004F42FC (32-bit), Flags: Cmdre0, Thread: 0x1A40 (Main), errno: 2 (No such file or directory), _doserrno: 3 (No such process). 

--------------------------------------------------
Стек вызовов:



--------------------------------------------------
Developed with:

The Dumb Artist Library (TX Library)
TXLib [Ver: 00173a, Rev: 173, Date: 2024-06-23 22:37:05 +0400]
Copyright (C) Ded (Ilya Dedinsky, http://txlib.ru) <mail@txlib.ru>
See license on: http://txlib.ru

TXLib file:	c:\users\admin\codeblocks\mingw\include\txlib.h
Compiled:	Aug 29 2024 16:09:39, GNU g++ 4.8.1, std=201103L, MinGW Runtime 3.20, 32-bit, Debug
Started:	Aug 29 2024 16:09:51

Run file:	C:\Users\admin\Desktop\C programs\RLE\out.exe
Directory:	C:\Users\admin\Desktop\C programs\RLE

--------------------------------------------------

--------------------------------------------------
TXLib соболезнует...

Программа: C:\Users\admin\Desktop\C programs\RLE\out.exe,

ВНЕЗАПНО: signal (11, 0x00): SIGSEGV: Доступ по неверному указателю. Ставьте ассерты! 

Нарушение доступа к памяти.

#1: Исключение EXCEPTION_ACCESS_VIOLATION (0xC0000005) при выполнении кода по адресу 0x004A59F6. Попытка прочесть данные по адресу 0x0000000C в модуле C:\Users\admin\Desktop\C programs\RLE\out.exe. Спасибо _txVectoredExceptionHandler(), что сообщил. Люблю его <3

С помощью функции signal() вы можете сами обработать эту ошибку.

#2: TXLib [Ver: 00173a, Rev: 173, Date: 2024-06-23 22:37:05 +0400], Instance: 0x004F42FC (32-bit), Flags: Cmdre0, Thread: 0x1A40 (Main), errno: 2 (No such file or directory), _doserrno: 3 (No such process). 

--------------------------------------------------
Стек вызовов:



--------------------------------------------------
Developed with:

The Dumb Artist Library (TX Library)
TXLib [Ver: 00173a, Rev: 173, Date: 2024-06-23 22:37:05 +0400]
Copyright (C) Ded (Ilya Dedinsky, http://txlib.ru) <mail@txlib.ru>
See license on: http://txlib.ru

TXLib file:	c:\users\admin\codeblocks\mingw\include\txlib.h
Compiled:	Aug 29 2024 16:09:39, GNU g++ 4.8.1, std=201103L, MinGW Runtime 3.20, 32-bit, Debug
Started:	Aug 29 2024 16:09:51

Run file:	C:\Users\admin\Desktop\C programs\RLE\out.exe
Directory:	C:\Users\admin\Desktop\C programs\RLE

--------------------------------------------------

--------------------------------------------------
TXLib предупреждает:

Программа: C:\Users\admin\Desktop\C programs\RLE\out.exe,

ВНЕЗАПНО: Исключение С++, вызванное оператором throw.

#3: Исключение EXCEPTION_CPP_MSC (0xE06D7363) при выполнении кода по адресу 0x7599A782 в модуле C:\WINDOWS\System32\KERNELBASE.dll. Спасибо _txVectoredExceptionHandler(), что сообщил. Люблю его <3

Ой, всё (EXCEPTION_NONCONTINUABLE).

#3: TXLib [Ver: 00173a, Rev: 173, Date: 2024-06-23 22:37:05 +0400], Instance: 0x004F42FC (32-bit), Flags: Cmdre0, Thread: 0x1A40 (Main), GetLastError(): 298 (Слишком много попыток занесения события для семафора), _doserrno: 3 (No such process). 

--------------------------------------------------
Стек вызовов:



--------------------------------------------------
Developed with:

The Dumb Artist Library (TX Library)
TXLib [Ver: 00173a, Rev: 173, Date: 2024-06-23 22:37:05 +0400]
Copyright (C) Ded (Ilya Dedinsky, http://txlib.ru) <mail@txlib.ru>
See license on: http://txlib.ru

TXLib file:	c:\users\admin\codeblocks\mingw\include\txlib.h
Compiled:	Aug 29 2024 16:09:39, GNU g++ 4.8.1, std=201103L, MinGW Runtime 3.20, 32-bit, Debug
Started:	Aug 29 2024 16:09:51

Run file:	C:\Users\admin\Desktop\C programs\RLE\out.exe
Directory:	C:\Users\admin\Desktop\C programs\RLE

--------------------------------------------------

--------------------------------------------------
TXLib предупреждает:

Программа: C:\Users\admin\Desktop\C programs\RLE\out.exe,

ВНЕЗАПНО: Нарушение доступа к памяти.

#1: Исключение EXCEPTION_ACCESS_VIOLATION (0xC0000005) при выполнении кода по адресу 0x004B56A6. Попытка прочесть данные по адресу 0x0000000C в модуле C:\Users\admin\Desktop\C programs\RLE\out.exe. Спасибо _txVectoredExceptionHandler(), что сообщил. Люблю его <3

#1: TXLib [Ver: 00173a, Rev: 173, Date: 2024-06-23 22:37:05 +0400], Instance: 0x005052FC (32-bit), Flags: Cmdre0, Thread: 0x6884 (Main), GetLastError(): 3 (Системе не удается найти указанный путь), errno: 2 (No such file or directory), _doserrno: 3 (No such process). 

--------------------------------------------------
Стек вызовов:



--------------------------------------------------
Developed with:

The Dumb Artist Library (TX Library)
TXLib [Ver: 00173a, Rev: 173, Date: 2024-06-23 22:37:05 +0400]
Copyright (C) Ded (Ilya Dedinsky, http://txlib.ru) <mail@txlib.ru>
See license on: http://txlib.ru

TXLib file:	c:\users\admin\codeblocks\mingw\include\txlib.h
Compiled:	Aug 29 2024 16:16:02, GNU g++ 4.8.1, std=201103L, MinGW Runtime 3.20, 32-bit, DEBUG
Started:	Aug 29 2024 16:16:17

Run file:	C:\Users\admin\Desktop\C programs\RLE\out.exe
Directory:	C:\Users\admin\Desktop\C programs\RLE

--------------------------------------------------

--------------------------------------------------
TXLib соболезнует...

Программа: C:\Users\admin\Desktop\C programs\RLE\out.exe,

ВНЕЗАПНО: signal (11, 0x00): SIGSEGV: Доступ по неверному указателю. Ставьте ассерты! 

Нарушение доступа к памяти.

#1: Исключение EXCEPTION_ACCESS_VIOLATION (0xC0000005) при выполнении кода по адресу 0x004B56A6. Попытка прочесть данные по адресу 0x0000000C в модуле C:\Users\admin\Desktop\C programs\RLE\out.exe. Спасибо _txVectoredExceptionHandler(), что сообщил. Люблю его <3

С помощью функции signal() вы можете сами обработать эту ошибку.

#2: TXLib [Ver: 00173a, Rev: 173, Date: 2024-06-23 22:37:05 +0400], Instance: 0x005052FC (32-bit), Flags: Cmdre0, Thread: 0x6884 (Main), GetLastError(): 3 (Системе не удается найти указанный путь), errno: 2 (No such file or directory), _doserrno: 3 (No such process). 

--------------------------------------------------
Стек вызовов:



--------------------------------------------------
Developed with:

The Dumb Artist Library (TX Library)
TXLib [Ver: 00173a, Rev: 173, Date: 2024-06-23 22:37:05 +0400]
Copyright (C) Ded (Ilya Dedinsky, http://txlib.ru) <mail@txlib.ru>
See license on: http://txlib.ru

TXLib file:	c:\users\admin\codeblocks\mingw\include\txlib.h
Compiled:	Aug 29 2024 16:16:02, GNU g++ 4.8.1, std=201103L, MinGW Runtime 3.20, 32-bit, DEBUG
Started:	Aug 29 2024 16:16:18

Run file:	C:\Users\admin\Desktop\C programs\RLE\out.exe
Directory:	C:\Users\admin\Desktop\C programs\RLE

--------------------------------------------------

--------------------------------------------------
TXLib предупреждает:

Программа: C:\Users\admin\Desktop\C programs\RLE\out.exe,

ВНЕЗАПНО: Исключение С++, вызванное оператором throw.

#3: Исключение EXCEPTION_CPP_MSC (0xE06D7363) при выполнении кода по адресу 0x7599A782 в модуле C:\WINDOWS\System32\KERNELBASE.dll. Спасибо _txVectoredExceptionHandler(), что сообщил. Люблю его <3

Ой, всё (EXCEPTION_NONCONTINUABLE).

#3: TXLib [Ver: 00173a, Rev: 173, Date: 2024-06-23 22:37:05 +0400], Instance: 0x005052FC (32-bit), Flags: Cmdre0, Thread: 0x6884 (Main), GetLastError(): 298 (Слишком много попыток занесения события для семафора), _doserrno: 3 (No such process). 

--------------------------------------------------
Стек вызовов:



--------------------------------------------------
Стек вызовов TX:

# 0 in int {anonymous}::TX::txMessageBox(const char*, const char*, unsigned int) at c:\users\admin\codeblocks\mingw\include\txlib.h:12789:

  12787: 
  12788: $   HWND wnd = _txCanvas_Window;
=>12789: $   int  ret = MessageBoxW ((wnd && IsWindowVisible (wnd))? wnd : _TX_CALL (Win32::GetConsoleWindow,()),
  12790:                             textW, headerW, flags | MB_SETFOREGROUND | MB_TOPMOST);
  12791: 

--------------------------------------------------
Developed with:

The Dumb Artist Library (TX Library)
TXLib [Ver: 00173a, Rev: 173, Date: 2024-06-23 22:37:05 +0400]
Copyright (C) Ded (Ilya Dedinsky, http://txlib.ru) <mail@txlib.ru>
See license on: http://txlib.ru

TXLib file:	c:\users\admin\codeblocks\mingw\include\txlib.h
Compiled:	Aug 29 2024 16:16:02, GNU g++ 4.8.1, std=201103L, MinGW Runtime 3.20, 32-bit, DEBUG
Started:	Aug 29 2024 16:16:18

Run file:	C:\Users\admin\Desktop\C programs\RLE\out.exe
Directory:	C:\Users\admin\Desktop\C programs\RLE

--------------------------------------------------

--------------------------------------------------
TXLib предупреждает:

Программа: C:\Users\admin\Desktop\C programs\RLE\out.exe,

ВНЕЗАПНО: Нарушение доступа к памяти.

#1: Исключение EXCEPTION_ACCESS_VIOLATION (0xC0000005) при выполнении кода по адресу 0x004B5506. Попытка прочесть данные по адресу 0x0000000C в модуле C:\Users\admin\Desktop\C programs\RLE\out.exe. Спасибо _txVectoredExceptionHandler(), что сообщил. Люблю его <3

#1: TXLib [Ver: 00173a, Rev: 173, Date: 2024-06-23 22:37:05 +0400], Instance: 0x005052FC (32-bit), Flags: Cmdre0, Thread: 0x3948 (Main), GetLastError(): 3 (Системе не удается найти указанный путь), errno: 2 (No such file or directory), _doserrno: 3 (No such process). 

--------------------------------------------------
Стек вызовов:



--------------------------------------------------
Developed with:

The Dumb Artist Library (TX Library)
TXLib [Ver: 00173a, Rev: 173, Date: 2024-06-23 22:37:05 +0400]
Copyright (C) Ded (Ilya Dedinsky, http://txlib.ru) <mail@txlib.ru>
See license on: http://txlib.ru

TXLib file:	c:\users\admin\codeblocks\mingw\include\txlib.h
Compiled:	Aug 29 2024 16:27:33, GNU g++ 4.8.1, std=201103L, MinGW Runtime 3.20, 32-bit, DEBUG
Started:	Aug 29 2024 16:27:39

Run file:	C:\Users\admin\Desktop\C programs\RLE\out.exe
Directory:	C:\Users\admin\Desktop\C programs\RLE

--------------------------------------------------

--------------------------------------------------
TXLib соболезнует...

Программа: C:\Users\admin\Desktop\C programs\RLE\out.exe,

ВНЕЗАПНО: signal (11, 0x00): SIGSEGV: Доступ по неверному указателю. Ставьте ассерты! 

Нарушение доступа к памяти.

#1: Исключение EXCEPTION_ACCESS_VIOLATION (0xC0000005) при выполнении кода по адресу 0x004B5506. Попытка прочесть данные по адресу 0x0000000C в модуле C:\Users\admin\Desktop\C programs\RLE\out.exe. Спасибо _txVectoredExceptionHandler(), что сообщил. Люблю его <3

С помощью функции signal() вы можете сами обработать эту ошибку.

#2: TXLib [Ver: 00173a, Rev: 173, Date: 2024-06-23 22:37:05 +0400], Instance: 0x005052FC (32-bit), Flags: Cmdre0, Thread: 0x3948 (Main), GetLastError(): 3 (Системе не удается найти указанный путь), errno: 2 (No such file or directory), _doserrno: 3 (No such process). 

--------------------------------------------------
Стек вызовов:



--------------------------------------------------
Developed with:

The Dumb Artist Library (TX Library)
TXLib [Ver: 00173a, Rev: 173, Date: 2024-06-23 22:37:05 +0400]
Copyright (C) Ded (Ilya Dedinsky, http://txlib.ru) <mail@txlib.ru>
See license on: http://txlib.ru

TXLib file:	c:\users\admin\codeblocks\mingw\include\txlib.h
Compiled:	Aug 29 2024 16:27:33, GNU g++ 4.8.1, std=201103L, MinGW Runtime 3.20, 32-bit, DEBUG
Started:	Aug 29 2024 16:27:39

Run file:	C:\Users\admin\Desktop\C programs\RLE\out.exe
Directory:	C:\Users\admin\Desktop\C programs\RLE

--------------------------------------------------

--------------------------------------------------
TXLib предупреждает:

Программа: C:\Users\admin\Desktop\C programs\RLE\out.exe,

ВНЕЗАПНО: Исключение С++, вызванное оператором throw.

#3: Исключение EXCEPTION_CPP_MSC (0xE06D7363) при выполнении кода по адресу 0x7599A782 в модуле C:\WINDOWS\System32\KERNELBASE.dll. Спасибо _txVectoredExceptionHandler(), что сообщил. Люблю его <3

Ой, всё (EXCEPTION_NONCONTINUABLE).

#3: TXLib [Ver: 00173a, Rev: 173, Date: 2024-06-23 22:37:05 +0400], Instance: 0x005052FC (32-bit), Flags: Cmdre0, Thread: 0x3948 (Main), GetLastError(): 298 (Слишком много попыток занесения события для семафора), _doserrno: 3 (No such process). 

--------------------------------------------------
Стек вызовов:



--------------------------------------------------
Стек вызовов TX:

# 0 in int {anonymous}::TX::txMessageBox(const char*, const char*, unsigned int) at c:\users\admin\codeblocks\mingw\include\txlib.h:12789:

  12787: 
  12788: $   HWND wnd = _txCanvas_Window;
=>12789: $   int  ret = MessageBoxW ((wnd && IsWindowVisible (wnd))? wnd : _TX_CALL (Win32::GetConsoleWindow,()),
  12790:                             textW, headerW, flags | MB_SETFOREGROUND | MB_TOPMOST);
  12791: 

--------------------------------------------------
Developed with:

The Dumb Artist Library (TX Library)
TXLib [Ver: 00173a, Rev: 173, Date: 2024-06-23 22:37:05 +0400]
Copyright (C) Ded (Ilya Dedinsky, http://txlib.ru) <mail@txlib.ru>
See license on: http://txlib.ru

TXLib file:	c:\users\admin\codeblocks\mingw\include\txlib.h
Compiled:	Aug 29 2024 16:27:33, GNU g++ 4.8.1, std=201103L, MinGW Runtime 3.20, 32-bit, DEBUG
Started:	Aug 29 2024 16:27:39

Run file:	C:\Users\admin\Desktop\C programs\RLE\out.exe
Directory:	C:\Users\admin\Desktop\C programs\RLE

--------------------------------------------------
